<?xml version="1.0" encoding="UTF-8"?>
<coverage generated="1614379051338" clover="3.2.0">
  <project timestamp="1614379051339" name="All files">
    <metrics statements="9" coveredstatements="9" conditionals="12" coveredconditionals="12" methods="1" coveredmethods="1" elements="22" coveredelements="22" complexity="0" loc="9" ncloc="9" packages="1" files="1" classes="1"/>
    <file name="myFuncs.js" path="C:\Users\Elwin\Documents\Futureproof\Day_5\testing-Fizzbuzz\myFuncs.js">
      <metrics statements="9" coveredstatements="9" conditionals="12" coveredconditionals="12" methods="1" coveredmethods="1"/>
      <line num="1" count="1" type="stmt"/>
      <line num="2" count="5" type="cond" truecount="4" falsecount="0"/>
      <line num="3" count="1" type="stmt"/>
      <line num="4" count="4" type="cond" truecount="4" falsecount="0"/>
      <line num="5" count="1" type="stmt"/>
      <line num="6" count="3" type="cond" truecount="4" falsecount="0"/>
      <line num="7" count="1" type="stmt"/>
      <line num="9" count="2" type="stmt"/>
      <line num="13" count="1" type="stmt"/>
    </file>
  </project>
</coverage>
