{"C:\\Users\\Elwin\\Documents\\Futureproof\\Day_5\\testing-Fizzbuzz\\myFuncs.js": {"path":"C:\\Users\\Elwin\\Documents\\Futureproof\\Day_5\\testing-Fizzbuzz\\myFuncs.js","statementMap":{"0":{"start":{"line":1,"column":17},"end":{"line":11,"column":1}},"1":{"start":{"line":2,"column":4},"end":{"line":10,"column":5}},"2":{"start":{"line":3,"column":8},"end":{"line":3,"column":22}},"3":{"start":{"line":4,"column":11},"end":{"line":10,"column":5}},"4":{"start":{"line":5,"column":8},"end":{"line":5,"column":22}},"5":{"start":{"line":6,"column":11},"end":{"line":10,"column":5}},"6":{"start":{"line":7,"column":8},"end":{"line":7,"column":26}},"7":{"start":{"line":9,"column":8},"end":{"line":9,"column":19}},"8":{"start":{"line":13,"column":0},"end":{"line":13,"column":30}}},"fnMap":{"0":{"name":"(anonymous_0)","decl":{"start":{"line":1,"column":17},"end":{"line":1,"column":18}},"loc":{"start":{"line":1,"column":26},"end":{"line":11,"column":1}},"line":1}},"branchMap":{"0":{"loc":{"start":{"line":2,"column":4},"end":{"line":10,"column":5}},"type":"if","locations":[{"start":{"line":2,"column":4},"end":{"line":10,"column":5}},{"start":{"line":2,"column":4},"end":{"line":10,"column":5}}],"line":2},"1":{"loc":{"start":{"line":2,"column":7},"end":{"line":2,"column":33}},"type":"binary-expr","locations":[{"start":{"line":2,"column":7},"end":{"line":2,"column":18}},{"start":{"line":2,"column":22},"end":{"line":2,"column":33}}],"line":2},"2":{"loc":{"start":{"line":4,"column":11},"end":{"line":10,"column":5}},"type":"if","locations":[{"start":{"line":4,"column":11},"end":{"line":10,"column":5}},{"start":{"line":4,"column":11},"end":{"line":10,"column":5}}],"line":4},"3":{"loc":{"start":{"line":4,"column":14},"end":{"line":4,"column":40}},"type":"binary-expr","locations":[{"start":{"line":4,"column":14},"end":{"line":4,"column":25}},{"start":{"line":4,"column":29},"end":{"line":4,"column":40}}],"line":4},"4":{"loc":{"start":{"line":6,"column":11},"end":{"line":10,"column":5}},"type":"if","locations":[{"start":{"line":6,"column":11},"end":{"line":10,"column":5}},{"start":{"line":6,"column":11},"end":{"line":10,"column":5}}],"line":6},"5":{"loc":{"start":{"line":6,"column":14},"end":{"line":6,"column":40}},"type":"binary-expr","locations":[{"start":{"line":6,"column":14},"end":{"line":6,"column":25}},{"start":{"line":6,"column":29},"end":{"line":6,"column":40}}],"line":6}},"s":{"0":1,"1":5,"2":1,"3":4,"4":1,"5":3,"6":1,"7":2,"8":1},"f":{"0":5},"b":{"0":[1,4],"1":[5,2],"2":[1,3],"3":[4,3],"4":[1,2],"5":[3,1]},"_coverageSchema":"1a1c01bbd47fc00a2c39e90264f33305004495a9","hash":"4fd2bd62b7955f4b693ddfcb49d57ce7dab2de9b"}
}
